app/build/intermediates/manifest_merge_blame_file/debug/manifest-merger-blame-debug-report.txt
1<?xml version="1.0" encoding="utf-8"?>
2<manifest xmlns:android="http://schemas.android.com/apk/res/android"
3    package="com.queueless.plus"
4    android:versionCode="1"
5    android:versionName="1.0" >
6
7    <uses-sdk
8        android:minSdkVersion="24"
9        android:targetSdkVersion="34" />
10
11    <!-- Permissions -->
12    <uses-permission android:name="android.permission.INTERNET" />
12-->src\main\AndroidManifest.xml:6:5-67
12-->src\main\AndroidManifest.xml:6:22-64
13    <uses-permission android:name="android.permission.CAMERA" />
13-->src\main\AndroidManifest.xml:7:5-65
13-->src\main\AndroidManifest.xml:7:22-62
14    <uses-permission android:name="android.permission.ACCESS_FINE_LOCATION" />
14-->src\main\AndroidManifest.xml:8:5-79
14-->src\main\AndroidManifest.xml:8:22-76
15    <uses-permission android:name="android.permission.ACCESS_COARSE_LOCATION" />
15-->src\main\AndroidManifest.xml:9:5-81
15-->src\main\AndroidManifest.xml:9:22-78
16    <uses-permission android:name="android.permission.POST_NOTIFICATIONS" />
16-->src\main\AndroidManifest.xml:10:5-77
16-->src\main\AndroidManifest.xml:10:22-74
17    <uses-permission android:name="android.permission.RECEIVE_BOOT_COMPLETED" />
17-->src\main\AndroidManifest.xml:11:5-81
17-->src\main\AndroidManifest.xml:11:22-78
18    <uses-permission android:name="android.permission.SCHEDULE_EXACT_ALARM" />
18-->src\main\AndroidManifest.xml:12:5-79
18-->src\main\AndroidManifest.xml:12:22-76
19
20    <uses-feature
20-->src\main\AndroidManifest.xml:14:5-16:36
21        android:name="android.hardware.camera"
21-->src\main\AndroidManifest.xml:15:9-47
22        android:required="false" />
22-->src\main\AndroidManifest.xml:16:9-33
23
24    <!-- Although the *SdkVersion is captured in gradle build files, this is required for non gradle builds -->
25    <!-- <uses-sdk android:minSdkVersion="14"/> -->
26    <uses-permission android:name="android.permission.ACCESS_NETWORK_STATE" />
26-->[com.google.firebase:firebase-storage:20.3.0] AndroidManifest.xml:23:5-79
26-->[com.google.firebase:firebase-storage:20.3.0] AndroidManifest.xml:23:22-76
27    <uses-permission android:name="android.permission.WAKE_LOCK" /> <!-- Required by older versions of Google Play services to create IID tokens -->
27-->[com.google.firebase:firebase-messaging:23.4.0] AndroidManifest.xml:24:5-68
27-->[com.google.firebase:firebase-messaging:23.4.0] AndroidManifest.xml:24:22-65
28    <uses-permission android:name="com.google.android.c2dm.permission.RECEIVE" />
28-->[com.google.firebase:firebase-messaging:23.4.0] AndroidManifest.xml:26:5-82
28-->[com.google.firebase:firebase-messaging:23.4.0] AndroidManifest.xml:26:22-79
29    <uses-permission android:name="com.google.android.finsky.permission.BIND_GET_INSTALL_REFERRER_SERVICE" />
29-->[com.google.android.gms:play-services-measurement:21.5.0] AndroidManifest.xml:26:5-110
29-->[com.google.android.gms:play-services-measurement:21.5.0] AndroidManifest.xml:26:22-107
30    <uses-permission android:name="com.google.android.gms.permission.AD_ID" />
30-->[com.google.android.gms:play-services-measurement-impl:21.5.0] AndroidManifest.xml:27:5-79
30-->[com.google.android.gms:play-services-measurement-impl:21.5.0] AndroidManifest.xml:27:22-76
31
32    <permission
32-->[androidx.core:core:1.12.0] AndroidManifest.xml:22:5-24:47
33        android:name="com.queueless.plus.DYNAMIC_RECEIVER_NOT_EXPORTED_PERMISSION"
33-->[androidx.core:core:1.12.0] AndroidManifest.xml:23:9-81
34        android:protectionLevel="signature" />
34-->[androidx.core:core:1.12.0] AndroidManifest.xml:24:9-44
35
36    <uses-permission android:name="com.queueless.plus.DYNAMIC_RECEIVER_NOT_EXPORTED_PERMISSION" />
36-->[androidx.core:core:1.12.0] AndroidManifest.xml:26:5-97
36-->[androidx.core:core:1.12.0] AndroidManifest.xml:26:22-94
37    <uses-permission android:name="android.permission.ACCESS_ADSERVICES_ATTRIBUTION" />
37-->[com.google.android.gms:play-services-measurement-api:21.5.0] AndroidManifest.xml:26:5-88
37-->[com.google.android.gms:play-services-measurement-api:21.5.0] AndroidManifest.xml:26:22-85
38    <uses-permission android:name="android.permission.ACCESS_ADSERVICES_AD_ID" />
38-->[com.google.android.gms:play-services-measurement-api:21.5.0] AndroidManifest.xml:27:5-82
38-->[com.google.android.gms:play-services-measurement-api:21.5.0] AndroidManifest.xml:27:22-79
39
40    <uses-feature
40-->[com.journeyapps:zxing-android-embedded:4.3.0] AndroidManifest.xml:28:5-30:36
41        android:name="android.hardware.camera.front"
41-->[com.journeyapps:zxing-android-embedded:4.3.0] AndroidManifest.xml:29:9-53
42        android:required="false" /> <!-- TODO replace above two with next line after Android 4.2 -->
42-->[com.journeyapps:zxing-android-embedded:4.3.0] AndroidManifest.xml:30:9-33
43    <!-- <uses-feature android:name="android.hardware.camera.any"/> -->
44    <uses-feature
44-->[com.journeyapps:zxing-android-embedded:4.3.0] AndroidManifest.xml:33:5-35:36
45        android:name="android.hardware.camera.autofocus"
45-->[com.journeyapps:zxing-android-embedded:4.3.0] AndroidManifest.xml:34:9-57
46        android:required="false" />
46-->[com.journeyapps:zxing-android-embedded:4.3.0] AndroidManifest.xml:35:9-33
47    <uses-feature
47-->[com.journeyapps:zxing-android-embedded:4.3.0] AndroidManifest.xml:36:5-38:36
48        android:name="android.hardware.camera.flash"
48-->[com.journeyapps:zxing-android-embedded:4.3.0] AndroidManifest.xml:37:9-53
49        android:required="false" />
49-->[com.journeyapps:zxing-android-embedded:4.3.0] AndroidManifest.xml:38:9-33
50    <uses-feature
50-->[com.journeyapps:zxing-android-embedded:4.3.0] AndroidManifest.xml:39:5-41:36
51        android:name="android.hardware.screen.landscape"
51-->[com.journeyapps:zxing-android-embedded:4.3.0] AndroidManifest.xml:40:9-57
52        android:required="false" />
52-->[com.journeyapps:zxing-android-embedded:4.3.0] AndroidManifest.xml:41:9-33
53    <uses-feature
53-->[com.journeyapps:zxing-android-embedded:4.3.0] AndroidManifest.xml:42:5-44:36
54        android:name="android.hardware.wifi"
54-->[com.journeyapps:zxing-android-embedded:4.3.0] AndroidManifest.xml:43:9-45
55        android:required="false" />
55-->[com.journeyapps:zxing-android-embedded:4.3.0] AndroidManifest.xml:44:9-33
56
57    <application
57-->src\main\AndroidManifest.xml:18:5-116:19
58        android:name="com.queueless.plus.QueueLessPlusApplication"
58-->src\main\AndroidManifest.xml:19:9-49
59        android:allowBackup="true"
59-->src\main\AndroidManifest.xml:20:9-35
60        android:appComponentFactory="androidx.core.app.CoreComponentFactory"
60-->[androidx.core:core:1.12.0] AndroidManifest.xml:28:18-86
61        android:dataExtractionRules="@xml/data_extraction_rules"
61-->src\main\AndroidManifest.xml:21:9-65
62        android:debuggable="true"
63        android:extractNativeLibs="false"
64        android:fullBackupContent="@xml/backup_rules"
64-->src\main\AndroidManifest.xml:22:9-54
65        android:icon="@android:drawable/sym_def_app_icon"
65-->src\main\AndroidManifest.xml:23:9-58
66        android:label="@string/app_name"
66-->src\main\AndroidManifest.xml:24:9-41
67        android:supportsRtl="true"
67-->src\main\AndroidManifest.xml:25:9-35
68        android:theme="@style/Theme.QueueLessPlus" >
68-->src\main\AndroidManifest.xml:26:9-51
69
70        <!-- 🔥 MAIN ENTRY (Launcher) -->
71        <activity
71-->src\main\AndroidManifest.xml:30:9-40:20
72            android:name="com.queueless.plus.activities.SplashActivity"
72-->src\main\AndroidManifest.xml:31:13-54
73            android:exported="true"
73-->src\main\AndroidManifest.xml:32:13-36
74            android:noHistory="true"
74-->src\main\AndroidManifest.xml:33:13-37
75            android:theme="@style/Theme.QueueLessPlus.Splash" >
75-->src\main\AndroidManifest.xml:34:13-62
76            <intent-filter>
76-->src\main\AndroidManifest.xml:36:13-39:29
77                <action android:name="android.intent.action.MAIN" />
77-->src\main\AndroidManifest.xml:37:17-69
77-->src\main\AndroidManifest.xml:37:25-66
78
79                <category android:name="android.intent.category.LAUNCHER" />
79-->src\main\AndroidManifest.xml:38:17-77
79-->src\main\AndroidManifest.xml:38:27-74
80            </intent-filter>
81        </activity>
82
83        <!-- 🔐 Auth -->
84        <activity
84-->src\main\AndroidManifest.xml:43:9-45:40
85            android:name="com.queueless.plus.activities.LoginActivity"
85-->src\main\AndroidManifest.xml:44:13-53
86            android:exported="false" />
86-->src\main\AndroidManifest.xml:45:13-37
87        <activity
87-->src\main\AndroidManifest.xml:47:9-49:40
88            android:name="com.queueless.plus.activities.RegisterActivity"
88-->src\main\AndroidManifest.xml:48:13-56
89            android:exported="false" />
89-->src\main\AndroidManifest.xml:49:13-37
90
91        <!-- 👤 User -->
92        <activity
92-->src\main\AndroidManifest.xml:52:9-54:40
93            android:name="com.queueless.plus.activities.DashboardActivity"
93-->src\main\AndroidManifest.xml:53:13-57
94            android:exported="false" />
94-->src\main\AndroidManifest.xml:54:13-37
95        <activity
95-->src\main\AndroidManifest.xml:56:9-58:40
96            android:name="com.queueless.plus.activities.QueueDetailActivity"
96-->src\main\AndroidManifest.xml:57:13-59
97            android:exported="false" />
97-->src\main\AndroidManifest.xml:58:13-37
98        <activity
98-->src\main\AndroidManifest.xml:60:9-62:40
99            android:name="com.queueless.plus.activities.UserStatusActivity"
99-->src\main\AndroidManifest.xml:61:13-58
100            android:exported="false" />
100-->src\main\AndroidManifest.xml:62:13-37
101        <activity
101-->src\main\AndroidManifest.xml:64:9-66:40
102            android:name="com.queueless.plus.activities.QRScanActivity"
102-->src\main\AndroidManifest.xml:65:13-54
103            android:exported="false" />
103-->src\main\AndroidManifest.xml:66:13-37
104
105        <!-- 🍔 Order -->
106        <activity
106-->src\main\AndroidManifest.xml:69:9-71:40
107            android:name="com.queueless.plus.activities.OrderActivity"
107-->src\main\AndroidManifest.xml:70:13-53
108            android:exported="false" />
108-->src\main\AndroidManifest.xml:71:13-37
109        <activity
109-->src\main\AndroidManifest.xml:73:9-75:40
110            android:name="com.queueless.plus.activities.OrderHistoryActivity"
110-->src\main\AndroidManifest.xml:74:13-60
111            android:exported="false" />
111-->src\main\AndroidManifest.xml:75:13-37
112        <activity
112-->src\main\AndroidManifest.xml:76:9-78:40
113            android:name="com.queueless.plus.activities.ProfileActivity"
113-->src\main\AndroidManifest.xml:77:13-55
114            android:exported="false" />
114-->src\main\AndroidManifest.xml:78:13-37
115        <activity
115-->src\main\AndroidManifest.xml:79:9-81:40
116            android:name="com.queueless.plus.activities.FavoritesRecentActivity"
116-->src\main\AndroidManifest.xml:80:13-63
117            android:exported="false" />
117-->src\main\AndroidManifest.xml:81:13-37
118        <activity
118-->src\main\AndroidManifest.xml:82:9-84:40
119            android:name="com.queueless.plus.activities.NotificationCenterActivity"
119-->src\main\AndroidManifest.xml:83:13-66
120            android:exported="false" />
120-->src\main\AndroidManifest.xml:84:13-37
121
122        <!-- 🛠 Admin -->
123        <activity
123-->src\main\AndroidManifest.xml:87:9-89:40
124            android:name="com.queueless.plus.activities.AdminPanelActivity"
124-->src\main\AndroidManifest.xml:88:13-58
125            android:exported="false" />
125-->src\main\AndroidManifest.xml:89:13-37
126        <activity
126-->src\main\AndroidManifest.xml:91:9-93:40
127            android:name="com.queueless.plus.activities.CreateQueueActivity"
127-->src\main\AndroidManifest.xml:92:13-59
128            android:exported="false" />
128-->src\main\AndroidManifest.xml:93:13-37
129        <activity
129-->src\main\AndroidManifest.xml:95:9-97:40
130            android:name="com.queueless.plus.activities.ManageQueueActivity"
130-->src\main\AndroidManifest.xml:96:13-59
131            android:exported="false" />
131-->src\main\AndroidManifest.xml:97:13-37
132        <activity
132-->src\main\AndroidManifest.xml:99:9-90
133            android:name="com.queueless.plus.activities.AdminMenuActivity"
133-->src\main\AndroidManifest.xml:99:19-63
134            android:exported="false" />
134-->src\main\AndroidManifest.xml:99:64-88
135        <activity
135-->src\main\AndroidManifest.xml:100:9-95
136            android:name="com.queueless.plus.activities.AdminAnalyticsActivity"
136-->src\main\AndroidManifest.xml:100:19-68
137            android:exported="false" />
137-->src\main\AndroidManifest.xml:100:69-93
138
139        <!-- 🔔 Firebase Messaging -->
140        <service
140-->src\main\AndroidManifest.xml:103:9-109:19
141            android:name="com.queueless.plus.utils.FCMService"
141-->src\main\AndroidManifest.xml:104:13-45
142            android:exported="false" >
142-->src\main\AndroidManifest.xml:105:13-37
143            <intent-filter>
143-->src\main\AndroidManifest.xml:106:13-108:29
144                <action android:name="com.google.firebase.MESSAGING_EVENT" />
144-->src\main\AndroidManifest.xml:107:17-78
144-->src\main\AndroidManifest.xml:107:25-75
145            </intent-filter>
146        </service>
147
148        <!-- Notification Receiver -->
149        <receiver
149-->src\main\AndroidManifest.xml:112:9-114:40
150            android:name="com.queueless.plus.utils.NotificationReceiver"
150-->src\main\AndroidManifest.xml:113:13-55
151            android:exported="false" />
151-->src\main\AndroidManifest.xml:114:13-37
152
153        <service
153-->[com.google.firebase:firebase-storage-ktx:20.3.0] AndroidManifest.xml:9:9-15:19
154            android:name="com.google.firebase.components.ComponentDiscoveryService"
154-->[com.google.firebase:firebase-storage-ktx:20.3.0] AndroidManifest.xml:10:13-84
155            android:directBootAware="true"
155-->[com.google.firebase:firebase-common:20.4.2] AndroidManifest.xml:32:13-43
156            android:exported="false" >
156-->[com.google.firebase:firebase-storage-ktx:20.3.0] AndroidManifest.xml:11:13-37
157            <meta-data
157-->[com.google.firebase:firebase-storage-ktx:20.3.0] AndroidManifest.xml:12:13-14:85
158                android:name="com.google.firebase.components:com.google.firebase.storage.ktx.FirebaseStorageLegacyRegistrar"
158-->[com.google.firebase:firebase-storage-ktx:20.3.0] AndroidManifest.xml:13:17-125
159                android:value="com.google.firebase.components.ComponentRegistrar" />
159-->[com.google.firebase:firebase-storage-ktx:20.3.0] AndroidManifest.xml:14:17-82
160            <meta-data
160-->[com.google.firebase:firebase-storage:20.3.0] AndroidManifest.xml:30:13-32:85
161                android:name="com.google.firebase.components:com.google.firebase.storage.FirebaseStorageKtxRegistrar"
161-->[com.google.firebase:firebase-storage:20.3.0] AndroidManifest.xml:31:17-118
162                android:value="com.google.firebase.components.ComponentRegistrar" />
162-->[com.google.firebase:firebase-storage:20.3.0] AndroidManifest.xml:32:17-82
163            <meta-data
163-->[com.google.firebase:firebase-storage:20.3.0] AndroidManifest.xml:33:13-35:85
164                android:name="com.google.firebase.components:com.google.firebase.storage.StorageRegistrar"
164-->[com.google.firebase:firebase-storage:20.3.0] AndroidManifest.xml:34:17-107
165                android:value="com.google.firebase.components.ComponentRegistrar" />
165-->[com.google.firebase:firebase-storage:20.3.0] AndroidManifest.xml:35:17-82
166            <meta-data
166-->[com.google.firebase:firebase-firestore-ktx:24.10.0] AndroidManifest.xml:12:13-14:85
167                android:name="com.google.firebase.components:com.google.firebase.firestore.ktx.FirebaseFirestoreLegacyRegistrar"
167-->[com.google.firebase:firebase-firestore-ktx:24.10.0] AndroidManifest.xml:13:17-129
168                android:value="com.google.firebase.components.ComponentRegistrar" />
168-->[com.google.firebase:firebase-firestore-ktx:24.10.0] AndroidManifest.xml:14:17-82
169            <meta-data
169-->[com.google.firebase:firebase-firestore:24.10.0] AndroidManifest.xml:17:13-19:85
170                android:name="com.google.firebase.components:com.google.firebase.firestore.FirebaseFirestoreKtxRegistrar"
170-->[com.google.firebase:firebase-firestore:24.10.0] AndroidManifest.xml:18:17-122
171                android:value="com.google.firebase.components.ComponentRegistrar" />
171-->[com.google.firebase:firebase-firestore:24.10.0] AndroidManifest.xml:19:17-82
172            <meta-data
172-->[com.google.firebase:firebase-firestore:24.10.0] AndroidManifest.xml:20:13-22:85
173                android:name="com.google.firebase.components:com.google.firebase.firestore.FirestoreRegistrar"
173-->[com.google.firebase:firebase-firestore:24.10.0] AndroidManifest.xml:21:17-111
174                android:value="com.google.firebase.components.ComponentRegistrar" />
174-->[com.google.firebase:firebase-firestore:24.10.0] AndroidManifest.xml:22:17-82
175            <meta-data
175-->[com.google.firebase:firebase-messaging-ktx:23.4.0] AndroidManifest.xml:26:13-28:85
176                android:name="com.google.firebase.components:com.google.firebase.messaging.ktx.FirebaseMessagingLegacyRegistrar"
176-->[com.google.firebase:firebase-messaging-ktx:23.4.0] AndroidManifest.xml:27:17-129
177                android:value="com.google.firebase.components.ComponentRegistrar" />
177-->[com.google.firebase:firebase-messaging-ktx:23.4.0] AndroidManifest.xml:28:17-82
178            <meta-data
178-->[com.google.firebase:firebase-messaging:23.4.0] AndroidManifest.xml:57:13-59:85
179                android:name="com.google.firebase.components:com.google.firebase.messaging.FirebaseMessagingKtxRegistrar"
179-->[com.google.firebase:firebase-messaging:23.4.0] AndroidManifest.xml:58:17-122
180                android:value="com.google.firebase.components.ComponentRegistrar" />
180-->[com.google.firebase:firebase-messaging:23.4.0] AndroidManifest.xml:59:17-82
181            <meta-data
181-->[com.google.firebase:firebase-messaging:23.4.0] AndroidManifest.xml:60:13-62:85
182                android:name="com.google.firebase.components:com.google.firebase.messaging.FirebaseMessagingRegistrar"
182-->[com.google.firebase:firebase-messaging:23.4.0] AndroidManifest.xml:61:17-119
183                android:value="com.google.firebase.components.ComponentRegistrar" />
183-->[com.google.firebase:firebase-messaging:23.4.0] AndroidManifest.xml:62:17-82
184            <meta-data
184-->[com.google.firebase:firebase-auth-ktx:22.3.0] AndroidManifest.xml:11:13-13:85
185                android:name="com.google.firebase.components:com.google.firebase.auth.ktx.FirebaseAuthLegacyRegistrar"
185-->[com.google.firebase:firebase-auth-ktx:22.3.0] AndroidManifest.xml:12:17-119
186                android:value="com.google.firebase.components.ComponentRegistrar" />
186-->[com.google.firebase:firebase-auth-ktx:22.3.0] AndroidManifest.xml:13:17-82
187            <meta-data
187-->[com.google.firebase:firebase-auth:22.3.0] AndroidManifest.xml:69:13-71:85
188                android:name="com.google.firebase.components:com.google.firebase.auth.FirebaseAuthRegistrar"
188-->[com.google.firebase:firebase-auth:22.3.0] AndroidManifest.xml:70:17-109
189                android:value="com.google.firebase.components.ComponentRegistrar" />
189-->[com.google.firebase:firebase-auth:22.3.0] AndroidManifest.xml:71:17-82
190            <meta-data
190-->[com.google.firebase:firebase-appcheck:17.1.1] AndroidManifest.xml:25:13-27:85
191                android:name="com.google.firebase.components:com.google.firebase.appcheck.FirebaseAppCheckKtxRegistrar"
191-->[com.google.firebase:firebase-appcheck:17.1.1] AndroidManifest.xml:26:17-120
192                android:value="com.google.firebase.components.ComponentRegistrar" />
192-->[com.google.firebase:firebase-appcheck:17.1.1] AndroidManifest.xml:27:17-82
193            <meta-data
193-->[com.google.firebase:firebase-appcheck:17.1.1] AndroidManifest.xml:28:13-30:85
194                android:name="com.google.firebase.components:com.google.firebase.appcheck.FirebaseAppCheckRegistrar"
194-->[com.google.firebase:firebase-appcheck:17.1.1] AndroidManifest.xml:29:17-117
195                android:value="com.google.firebase.components.ComponentRegistrar" />
195-->[com.google.firebase:firebase-appcheck:17.1.1] AndroidManifest.xml:30:17-82
196            <meta-data
196-->[com.google.firebase:firebase-analytics-ktx:21.5.0] AndroidManifest.xml:11:13-13:85
197                android:name="com.google.firebase.components:com.google.firebase.analytics.ktx.FirebaseAnalyticsLegacyRegistrar"
197-->[com.google.firebase:firebase-analytics-ktx:21.5.0] AndroidManifest.xml:12:17-129
198                android:value="com.google.firebase.components.ComponentRegistrar" />
198-->[com.google.firebase:firebase-analytics-ktx:21.5.0] AndroidManifest.xml:13:17-82
199            <meta-data
199-->[com.google.android.gms:play-services-measurement-api:21.5.0] AndroidManifest.xml:37:13-39:85
200                android:name="com.google.firebase.components:com.google.firebase.analytics.connector.internal.AnalyticsConnectorRegistrar"
200-->[com.google.android.gms:play-services-measurement-api:21.5.0] AndroidManifest.xml:38:17-139
201                android:value="com.google.firebase.components.ComponentRegistrar" />
201-->[com.google.android.gms:play-services-measurement-api:21.5.0] AndroidManifest.xml:39:17-82
202            <meta-data
202-->[com.google.firebase:firebase-installations:17.2.0] AndroidManifest.xml:15:13-17:85
203                android:name="com.google.firebase.components:com.google.firebase.installations.FirebaseInstallationsKtxRegistrar"
203-->[com.google.firebase:firebase-installations:17.2.0] AndroidManifest.xml:16:17-130
204                android:value="com.google.firebase.components.ComponentRegistrar" />
204-->[com.google.firebase:firebase-installations:17.2.0] AndroidManifest.xml:17:17-82
205            <meta-data
205-->[com.google.firebase:firebase-installations:17.2.0] AndroidManifest.xml:18:13-20:85
206                android:name="com.google.firebase.components:com.google.firebase.installations.FirebaseInstallationsRegistrar"
206-->[com.google.firebase:firebase-installations:17.2.0] AndroidManifest.xml:19:17-127
207                android:value="com.google.firebase.components.ComponentRegistrar" />
207-->[com.google.firebase:firebase-installations:17.2.0] AndroidManifest.xml:20:17-82
208            <meta-data
208-->[com.google.firebase:firebase-common-ktx:20.4.2] AndroidManifest.xml:12:13-14:85
209                android:name="com.google.firebase.components:com.google.firebase.ktx.FirebaseCommonLegacyRegistrar"
209-->[com.google.firebase:firebase-common-ktx:20.4.2] AndroidManifest.xml:13:17-116
210                android:value="com.google.firebase.components.ComponentRegistrar" />
210-->[com.google.firebase:firebase-common-ktx:20.4.2] AndroidManifest.xml:14:17-82
211            <meta-data
211-->[com.google.firebase:firebase-common:20.4.2] AndroidManifest.xml:35:13-37:85
212                android:name="com.google.firebase.components:com.google.firebase.FirebaseCommonKtxRegistrar"
212-->[com.google.firebase:firebase-common:20.4.2] AndroidManifest.xml:36:17-109
213                android:value="com.google.firebase.components.ComponentRegistrar" />
213-->[com.google.firebase:firebase-common:20.4.2] AndroidManifest.xml:37:17-82
214            <meta-data
214-->[com.google.firebase:firebase-datatransport:18.1.7] AndroidManifest.xml:27:13-29:85
215                android:name="com.google.firebase.components:com.google.firebase.datatransport.TransportRegistrar"
215-->[com.google.firebase:firebase-datatransport:18.1.7] AndroidManifest.xml:28:17-115
216                android:value="com.google.firebase.components.ComponentRegistrar" />
216-->[com.google.firebase:firebase-datatransport:18.1.7] AndroidManifest.xml:29:17-82
217        </service>
218
219        <receiver
219-->[com.google.firebase:firebase-messaging:23.4.0] AndroidManifest.xml:29:9-40:20
220            android:name="com.google.firebase.iid.FirebaseInstanceIdReceiver"
220-->[com.google.firebase:firebase-messaging:23.4.0] AndroidManifest.xml:30:13-78
221            android:exported="true"
221-->[com.google.firebase:firebase-messaging:23.4.0] AndroidManifest.xml:31:13-36
222            android:permission="com.google.android.c2dm.permission.SEND" >
222-->[com.google.firebase:firebase-messaging:23.4.0] AndroidManifest.xml:32:13-73
223            <intent-filter>
223-->[com.google.firebase:firebase-messaging:23.4.0] AndroidManifest.xml:33:13-35:29
224                <action android:name="com.google.android.c2dm.intent.RECEIVE" />
224-->[com.google.firebase:firebase-messaging:23.4.0] AndroidManifest.xml:34:17-81
224-->[com.google.firebase:firebase-messaging:23.4.0] AndroidManifest.xml:34:25-78
225            </intent-filter>
226
227            <meta-data
227-->[com.google.firebase:firebase-messaging:23.4.0] AndroidManifest.xml:37:13-39:40
228                android:name="com.google.android.gms.cloudmessaging.FINISHED_AFTER_HANDLED"
228-->[com.google.firebase:firebase-messaging:23.4.0] AndroidManifest.xml:38:17-92
229                android:value="true" />
229-->[com.google.firebase:firebase-messaging:23.4.0] AndroidManifest.xml:39:17-37
230        </receiver>
231        <!--
232             FirebaseMessagingService performs security checks at runtime,
233             but set to not exported to explicitly avoid allowing another app to call it.
234        -->
235        <service
235-->[com.google.firebase:firebase-messaging:23.4.0] AndroidManifest.xml:46:9-53:19
236            android:name="com.google.firebase.messaging.FirebaseMessagingService"
236-->[com.google.firebase:firebase-messaging:23.4.0] AndroidManifest.xml:47:13-82
237            android:directBootAware="true"
237-->[com.google.firebase:firebase-messaging:23.4.0] AndroidManifest.xml:48:13-43
238            android:exported="false" >
238-->[com.google.firebase:firebase-messaging:23.4.0] AndroidManifest.xml:49:13-37
239            <intent-filter android:priority="-500" >
239-->src\main\AndroidManifest.xml:106:13-108:29
240                <action android:name="com.google.firebase.MESSAGING_EVENT" />
240-->src\main\AndroidManifest.xml:107:17-78
240-->src\main\AndroidManifest.xml:107:25-75
241            </intent-filter>
242        </service>
243
244        <activity
244-->[com.google.firebase:firebase-auth:22.3.0] AndroidManifest.xml:29:9-46:20
245            android:name="com.google.firebase.auth.internal.GenericIdpActivity"
245-->[com.google.firebase:firebase-auth:22.3.0] AndroidManifest.xml:30:13-80
246            android:excludeFromRecents="true"
246-->[com.google.firebase:firebase-auth:22.3.0] AndroidManifest.xml:31:13-46
247            android:exported="true"
247-->[com.google.firebase:firebase-auth:22.3.0] AndroidManifest.xml:32:13-36
248            android:launchMode="singleTask"
248-->[com.google.firebase:firebase-auth:22.3.0] AndroidManifest.xml:33:13-44
249            android:theme="@android:style/Theme.Translucent.NoTitleBar" >
249-->[com.google.firebase:firebase-auth:22.3.0] AndroidManifest.xml:34:13-72
250            <intent-filter>
250-->[com.google.firebase:firebase-auth:22.3.0] AndroidManifest.xml:35:13-45:29
251                <action android:name="android.intent.action.VIEW" />
251-->[com.google.firebase:firebase-auth:22.3.0] AndroidManifest.xml:36:17-69
251-->[com.google.firebase:firebase-auth:22.3.0] AndroidManifest.xml:36:25-66
252
253                <category android:name="android.intent.category.DEFAULT" />
253-->[com.google.firebase:firebase-auth:22.3.0] AndroidManifest.xml:38:17-76
253-->[com.google.firebase:firebase-auth:22.3.0] AndroidManifest.xml:38:27-73
254                <category android:name="android.intent.category.BROWSABLE" />
254-->[com.google.firebase:firebase-auth:22.3.0] AndroidManifest.xml:39:17-78
254-->[com.google.firebase:firebase-auth:22.3.0] AndroidManifest.xml:39:27-75
255
256                <data
256-->[com.google.firebase:firebase-auth:22.3.0] AndroidManifest.xml:41:17-44:51
257                    android:host="firebase.auth"
257-->[com.google.firebase:firebase-auth:22.3.0] AndroidManifest.xml:42:21-49
258                    android:path="/"
258-->[com.google.firebase:firebase-auth:22.3.0] AndroidManifest.xml:43:21-37
259                    android:scheme="genericidp" />
259-->[com.google.firebase:firebase-auth:22.3.0] AndroidManifest.xml:44:21-48
260            </intent-filter>
261        </activity>
262        <activity
262-->[com.google.firebase:firebase-auth:22.3.0] AndroidManifest.xml:47:9-64:20
263            android:name="com.google.firebase.auth.internal.RecaptchaActivity"
263-->[com.google.firebase:firebase-auth:22.3.0] AndroidManifest.xml:48:13-79
264            android:excludeFromRecents="true"
264-->[com.google.firebase:firebase-auth:22.3.0] AndroidManifest.xml:49:13-46
265            android:exported="true"
265-->[com.google.firebase:firebase-auth:22.3.0] AndroidManifest.xml:50:13-36
266            android:launchMode="singleTask"
266-->[com.google.firebase:firebase-auth:22.3.0] AndroidManifest.xml:51:13-44
267            android:theme="@android:style/Theme.Translucent.NoTitleBar" >
267-->[com.google.firebase:firebase-auth:22.3.0] AndroidManifest.xml:52:13-72
268            <intent-filter>
268-->[com.google.firebase:firebase-auth:22.3.0] AndroidManifest.xml:53:13-63:29
269                <action android:name="android.intent.action.VIEW" />
269-->[com.google.firebase:firebase-auth:22.3.0] AndroidManifest.xml:36:17-69
269-->[com.google.firebase:firebase-auth:22.3.0] AndroidManifest.xml:36:25-66
270